Removed Pin From Net: NetName=IO_135 Pin=coreboard_connector-46
Removed Pin From Net: NetName=IO_133 Pin=coreboard_connector-48
Removed Pin From Net: NetName=Netcoreboard_connector_52 Pin=coreboard_connector-52
Removed Pin From Net: NetName=Netcoreboard_connector_56 Pin=coreboard_connector-56
Removed Pin From Net: NetName=Netcoreboard_connector_60 Pin=coreboard_connector-60
Removed Pin From Net: NetName=Netcoreboard_connector_64 Pin=coreboard_connector-64
Removed Pin From Net: NetName=Netcoreboard_connector_66 Pin=coreboard_connector-66
Removed Pin From Net: NetName=Netcoreboard_connector_68 Pin=coreboard_connector-68
Removed Pin From Net: NetName=IO_135 Pin=R_D1-1
Removed Pin From Net: NetName=IO_133 Pin=R_D2-1
Removed Pin From Net: NetName=IO_131 Pin=R_D3-1
Removed Pin From Net: NetName=Netcoreboard_connector_52 Pin=R_D4-1
Removed Pin From Net: NetName=Netcoreboard_connector_54 Pin=RA-1
Removed Pin From Net: NetName=NetDIG4_11 Pin=RA-2
Removed Pin From Net: NetName=Netcoreboard_connector_56 Pin=RB-1
Removed Pin From Net: NetName=NetDIG4_7 Pin=RB-2
Removed Pin From Net: NetName=Netcoreboard_connector_58 Pin=RC-1
Removed Pin From Net: NetName=NetDIG4_4 Pin=RC-2
Removed Pin From Net: NetName=Netcoreboard_connector_60 Pin=RD-1
Removed Pin From Net: NetName=NetDIG4_2 Pin=RD-2
Removed Pin From Net: NetName=Netcoreboard_connector_68 Pin=RDP-1
Removed Pin From Net: NetName=NetDIG4_3 Pin=RDP-2
Removed Pin From Net: NetName=Netcoreboard_connector_62 Pin=RE-1
Removed Pin From Net: NetName=NetDIG4_1 Pin=RE-2
Removed Pin From Net: NetName=Netcoreboard_connector_64 Pin=RF-1
Removed Pin From Net: NetName=NetDIG4_10 Pin=RF-2
Removed Pin From Net: NetName=Netcoreboard_connector_66 Pin=RG-1
Removed Pin From Net: NetName=NetDIG4_5 Pin=RG-2
Change Component Designator: OldDesignator=S1 NewDesignator=SW_1
Change Component Designator: OldDesignator=S2 NewDesignator=SW_2
Added Pin To Net: NetName=IO_133 Pin=coreboard_connector-61
Added Pin To Net: NetName=IO_135 Pin=coreboard_connector-63
Added Pin To Net: NetName=Netcoreboard_connector_52 Pin=coreboard_connector-65
Added Pin To Net: NetName=Netcoreboard_connector_56 Pin=coreboard_connector-67
Added Pin To Net: NetName=Netcoreboard_connector_60 Pin=coreboard_connector-69
Added Pin To Net: NetName=Netcoreboard_connector_64 Pin=coreboard_connector-71
Added Pin To Net: NetName=Netcoreboard_connector_66 Pin=coreboard_connector-73
Added Pin To Net: NetName=Netcoreboard_connector_68 Pin=coreboard_connector-75
Added Pin To Net: NetName=IO_131 Pin=R_D1-1
Added Pin To Net: NetName=Netcoreboard_connector_54 Pin=R_D2-1
Added Pin To Net: NetName=Netcoreboard_connector_58 Pin=R_D3-1
Added Pin To Net: NetName=Netcoreboard_connector_62 Pin=R_D4-1
Added Pin To Net: NetName=NetDIG4_11 Pin=RA-1
Added Pin To Net: NetName=IO_133 Pin=RA-2
Added Pin To Net: NetName=NetDIG4_7 Pin=RB-1
Added Pin To Net: NetName=IO_135 Pin=RB-2
Added Pin To Net: NetName=NetDIG4_4 Pin=RC-1
Added Pin To Net: NetName=Netcoreboard_connector_52 Pin=RC-2
Added Pin To Net: NetName=NetDIG4_2 Pin=RD-1
Added Pin To Net: NetName=Netcoreboard_connector_56 Pin=RD-2
Added Pin To Net: NetName=NetDIG4_3 Pin=RDP-1
Added Pin To Net: NetName=Netcoreboard_connector_68 Pin=RDP-2
Added Pin To Net: NetName=NetDIG4_1 Pin=RE-1
Added Pin To Net: NetName=Netcoreboard_connector_60 Pin=RE-2
Added Pin To Net: NetName=NetDIG4_10 Pin=RF-1
Added Pin To Net: NetName=Netcoreboard_connector_64 Pin=RF-2
Added Pin To Net: NetName=NetDIG4_5 Pin=RG-1
Added Pin To Net: NetName=Netcoreboard_connector_66 Pin=RG-2
Change Net Name : Old Net Name=IO_131 New Net Name=Netcoreboard_connector_50
Change Net Name : Old Net Name=IO_133 New Net Name=Netcoreboard_connector_61
Change Net Name : Old Net Name=IO_135 New Net Name=Netcoreboard_connector_63
Change Net Name : Old Net Name=Netcoreboard_connector_52 New Net Name=Netcoreboard_connector_65
Change Net Name : Old Net Name=Netcoreboard_connector_56 New Net Name=Netcoreboard_connector_67
Change Net Name : Old Net Name=Netcoreboard_connector_60 New Net Name=Netcoreboard_connector_69
Change Net Name : Old Net Name=Netcoreboard_connector_64 New Net Name=Netcoreboard_connector_71
Change Net Name : Old Net Name=Netcoreboard_connector_66 New Net Name=Netcoreboard_connector_73
Change Net Name : Old Net Name=Netcoreboard_connector_68 New Net Name=Netcoreboard_connector_75
Change Net Name : Old Net Name=SEG1 New Net Name=NetDIG4_12
Change Net Name : Old Net Name=SEG2 New Net Name=NetDIG4_9
Change Net Name : Old Net Name=SEG3 New Net Name=NetDIG4_8
Added Room: Name=SCH_Timer
