Reading netlist file: "D:\Gowin\Time_project\impl\gwsynthesis\Time_project.vg"
Parsing netlist file "D:\Gowin\Time_project\impl\gwsynthesis\Time_project.vg" completed
Processing netlist completed
Reading constraint file: "D:\Gowin\Time_project\src\Time_project.cst"
Physical Constraint parsed completed
Running placement......
[10%] Placement Phase 0 completed
[20%] Placement Phase 1 completed
[30%] Placement Phase 2 completed
[50%] Placement Phase 3 completed
Running routing......
[60%] Routing Phase 0 completed
[70%] Routing Phase 1 completed
[80%] Routing Phase 2 completed
WARN  (PR1014) : Generic routing resource will be used to clock signal 'set_buttons_d[0]' by the specified constraint. And then it may lead to the excessive delay or skew
WARN  (PR1014) : Generic routing resource will be used to clock signal 'set_time_mode_d' by the specified constraint. And then it may lead to the excessive delay or skew
[90%] Routing Phase 3 completed
Running timing analysis......
[95%] Timing analysis completed
Placement and routing completed
Bitstream generation in progress......
Bitstream generation completed
Running power analysis......
[100%] Power analysis completed
Generate file "D:\Gowin\Time_project\impl\pnr\Time_project.power.html" completed
Generate file "D:\Gowin\Time_project\impl\pnr\Time_project.pin.html" completed
Generate file "D:\Gowin\Time_project\impl\pnr\Time_project.rpt.html" completed
Generate file "D:\Gowin\Time_project\impl\pnr\Time_project.rpt.txt" completed
Generate file "D:\Gowin\Time_project\impl\pnr\Time_project.tr.html" completed
Sat Sep 21 08:55:57 2024

